<?xml version="1.0" encoding="UTF-8"?>
<testsuite name="com.example.cookers.CookersApplicationTests" tests="1" skipped="0" failures="0" errors="0" timestamp="2024-06-11T07:32:12" hostname="A-15" time="3.411">
  <properties/>
  <testcase name="멤버_생성()" classname="com.example.cookers.CookersApplicationTests" time="3.411"/>
  <system-out><![CDATA[16:32:08.851 [Test worker] INFO org.springframework.test.context.support.AnnotationConfigContextLoaderUtils -- Could not detect default configuration classes for test class [com.example.cookers.CookersApplicationTests]: CookersApplicationTests does not declare any static, non-private, non-final, nested classes annotated with @Configuration.
16:32:08.938 [Test worker] INFO org.springframework.boot.test.context.SpringBootTestContextBootstrapper -- Found @SpringBootConfiguration com.example.cookers.CookersApplication for test class com.example.cookers.CookersApplicationTests

  .   ____          _            __ _ _
 /\\ / ___'_ __ _ _(_)_ __  __ _ \ \ \ \
( ( )\___ | '_ | '_| | '_ \/ _` | \ \ \ \
 \\/  ___)| |_)| | | | | || (_| |  ) ) ) )
  '  |____| .__|_| |_|_| |_\__, | / / / /
 =========|_|==============|___/=/_/_/_/
 :: Spring Boot ::                (v3.2.5)

2024-06-11T16:32:09.294+09:00  INFO 10436 --- [    Test worker] c.e.cookers.CookersApplicationTests      : Starting CookersApplicationTests using Java 21.0.2 with PID 10436 (started by SBS in C:\Users\SBS\IdeaProjects\cookers0611)
2024-06-11T16:32:09.296+09:00  INFO 10436 --- [    Test worker] c.e.cookers.CookersApplicationTests      : The following 3 profiles are active: "secret", "oauth", "dev"
2024-06-11T16:32:10.020+09:00  INFO 10436 --- [    Test worker] .s.d.r.c.RepositoryConfigurationDelegate : Bootstrapping Spring Data JPA repositories in DEFAULT mode.
2024-06-11T16:32:10.069+09:00  INFO 10436 --- [    Test worker] .s.d.r.c.RepositoryConfigurationDelegate : Finished Spring Data repository scanning in 43 ms. Found 3 JPA repository interfaces.
2024-06-11T16:32:10.511+09:00  INFO 10436 --- [    Test worker] o.hibernate.jpa.internal.util.LogHelper  : HHH000204: Processing PersistenceUnitInfo [name: default]
2024-06-11T16:32:10.566+09:00  INFO 10436 --- [    Test worker] org.hibernate.Version                    : HHH000412: Hibernate ORM core version 6.4.4.Final
2024-06-11T16:32:10.596+09:00  INFO 10436 --- [    Test worker] o.h.c.internal.RegionFactoryInitiator    : HHH000026: Second-level cache disabled
2024-06-11T16:32:10.787+09:00  INFO 10436 --- [    Test worker] o.s.o.j.p.SpringPersistenceUnitInfo      : No LoadTimeWeaver setup: ignoring JPA class transformer
2024-06-11T16:32:10.812+09:00  INFO 10436 --- [    Test worker] com.zaxxer.hikari.HikariDataSource       : HikariPool-1 - Starting...
2024-06-11T16:32:10.885+09:00  INFO 10436 --- [    Test worker] com.zaxxer.hikari.pool.HikariPool        : HikariPool-1 - Added connection org.mariadb.jdbc.Connection@6c9151c1
2024-06-11T16:32:10.887+09:00  INFO 10436 --- [    Test worker] com.zaxxer.hikari.HikariDataSource       : HikariPool-1 - Start completed.
2024-06-11T16:32:11.607+09:00  INFO 10436 --- [    Test worker] o.h.e.t.j.p.i.JtaPlatformInitiator       : HHH000489: No JTA platform available (set 'hibernate.transaction.jta.platform' to enable JTA platform integration)
Hibernate: 
    drop table if exists lanking
Hibernate: 
    drop table if exists member
Hibernate: 
    drop table if exists recipe
Hibernate: 
    create table lanking (
        create_date datetime(6),
        id bigint not null auto_increment,
        modified_date datetime(6),
        primary key (id)
    ) engine=InnoDB
Hibernate: 
    create table member (
        create_date datetime(6),
        hit bigint,
        id bigint not null auto_increment,
        modified_date datetime(6),
        email varchar(255),
        nickname varchar(255),
        password varchar(255),
        profile_url varchar(255),
        provider varchar(255),
        provider_id varchar(255),
        provider_type_code varchar(255),
        username varchar(255) comment '유저 아이디',
        primary key (id)
    ) engine=InnoDB
Hibernate: 
    create table recipe (
        hit integer default 0 not null,
        view integer default 0 not null,
        create_date datetime(6),
        id bigint not null auto_increment,
        modified_date datetime(6),
        category_value varchar(255),
        content varchar(255),
        nickname varchar(255),
        subject varchar(255),
        title varchar(255),
        primary key (id)
    ) engine=InnoDB
Hibernate: 
    alter table member 
       add constraint UK_hh9kg6jti4n1eoiertn2k6qsc unique (nickname)
Hibernate: 
    alter table member 
       add constraint UK_gc3jmn7c2abyo3wf6syln5t2i unique (username)
Hibernate: 
    alter table recipe 
       add constraint UK_ngulk44q1606tt88wvsml4a5v unique (nickname)
2024-06-11T16:32:11.690+09:00  INFO 10436 --- [    Test worker] j.LocalContainerEntityManagerFactoryBean : Initialized JPA EntityManagerFactory for persistence unit 'default'
2024-06-11T16:32:12.093+09:00  WARN 10436 --- [    Test worker] JpaBaseConfiguration$JpaWebConfiguration : spring.jpa.open-in-view is enabled by default. Therefore, database queries may be performed during view rendering. Explicitly configure spring.jpa.open-in-view to disable this warning
2024-06-11T16:32:12.427+09:00  INFO 10436 --- [    Test worker] o.s.s.web.DefaultSecurityFilterChain     : Will secure any request with [org.springframework.security.web.session.DisableEncodeUrlFilter@6421d85c, org.springframework.security.web.context.request.async.WebAsyncManagerIntegrationFilter@5eb89000, org.springframework.security.web.context.SecurityContextHolderFilter@345f4e0d, org.springframework.security.web.header.HeaderWriterFilter@54af9cce, org.springframework.web.filter.CorsFilter@16b1b213, org.springframework.security.web.csrf.CsrfFilter@11b234aa, org.springframework.security.web.authentication.logout.LogoutFilter@3a5244a1, org.springframework.security.oauth2.client.web.OAuth2AuthorizationRequestRedirectFilter@6e49863e, org.springframework.security.oauth2.client.web.OAuth2LoginAuthenticationFilter@4a5e0faf, org.springframework.security.web.authentication.UsernamePasswordAuthenticationFilter@7bc46dde, org.springframework.security.web.savedrequest.RequestCacheAwareFilter@64b242b3, org.springframework.security.web.servletapi.SecurityContextHolderAwareRequestFilter@6cb1da13, org.springframework.security.web.authentication.AnonymousAuthenticationFilter@77f1026e, org.springframework.security.web.access.ExceptionTranslationFilter@5f113867, org.springframework.security.web.access.intercept.FilterSecurityInterceptor@6d92bfaf]
2024-06-11T16:32:12.792+09:00  INFO 10436 --- [    Test worker] c.e.cookers.CookersApplicationTests      : Started CookersApplicationTests in 3.731 seconds (process running for 4.626)
Hibernate: 
    /* insert for
        com.example.cookers.domain.member.entity.Member */insert 
    into
        member (create_date, email, hit, modified_date, nickname, password, profile_url, provider, provider_id, provider_type_code, username) 
    values
        (?, ?, ?, ?, ?, ?, ?, ?, ?, ?, ?)
Hibernate: 
    /* insert for
        com.example.cookers.domain.member.entity.Member */insert 
    into
        member (create_date, email, hit, modified_date, nickname, password, profile_url, provider, provider_id, provider_type_code, username) 
    values
        (?, ?, ?, ?, ?, ?, ?, ?, ?, ?, ?)
Hibernate: 
    /* insert for
        com.example.cookers.domain.member.entity.Member */insert 
    into
        member (create_date, email, hit, modified_date, nickname, password, profile_url, provider, provider_id, provider_type_code, username) 
    values
        (?, ?, ?, ?, ?, ?, ?, ?, ?, ?, ?)
Hibernate: 
    /* insert for
        com.example.cookers.domain.member.entity.Member */insert 
    into
        member (create_date, email, hit, modified_date, nickname, password, profile_url, provider, provider_id, provider_type_code, username) 
    values
        (?, ?, ?, ?, ?, ?, ?, ?, ?, ?, ?)
Hibernate: 
    /* insert for
        com.example.cookers.domain.member.entity.Member */insert 
    into
        member (create_date, email, hit, modified_date, nickname, password, profile_url, provider, provider_id, provider_type_code, username) 
    values
        (?, ?, ?, ?, ?, ?, ?, ?, ?, ?, ?)
Hibernate: 
    /* insert for
        com.example.cookers.domain.member.entity.Member */insert 
    into
        member (create_date, email, hit, modified_date, nickname, password, profile_url, provider, provider_id, provider_type_code, username) 
    values
        (?, ?, ?, ?, ?, ?, ?, ?, ?, ?, ?)
Hibernate: 
    /* insert for
        com.example.cookers.domain.member.entity.Member */insert 
    into
        member (create_date, email, hit, modified_date, nickname, password, profile_url, provider, provider_id, provider_type_code, username) 
    values
        (?, ?, ?, ?, ?, ?, ?, ?, ?, ?, ?)
Hibernate: 
    /* insert for
        com.example.cookers.domain.member.entity.Member */insert 
    into
        member (create_date, email, hit, modified_date, nickname, password, profile_url, provider, provider_id, provider_type_code, username) 
    values
        (?, ?, ?, ?, ?, ?, ?, ?, ?, ?, ?)
Hibernate: 
    /* insert for
        com.example.cookers.domain.member.entity.Member */insert 
    into
        member (create_date, email, hit, modified_date, nickname, password, profile_url, provider, provider_id, provider_type_code, username) 
    values
        (?, ?, ?, ?, ?, ?, ?, ?, ?, ?, ?)
Hibernate: 
    /* insert for
        com.example.cookers.domain.member.entity.Member */insert 
    into
        member (create_date, email, hit, modified_date, nickname, password, profile_url, provider, provider_id, provider_type_code, username) 
    values
        (?, ?, ?, ?, ?, ?, ?, ?, ?, ?, ?)
Hibernate: 
    /* insert for
        com.example.cookers.domain.member.entity.Member */insert 
    into
        member (create_date, email, hit, modified_date, nickname, password, profile_url, provider, provider_id, provider_type_code, username) 
    values
        (?, ?, ?, ?, ?, ?, ?, ?, ?, ?, ?)
Hibernate: 
    /* insert for
        com.example.cookers.domain.member.entity.Member */insert 
    into
        member (create_date, email, hit, modified_date, nickname, password, profile_url, provider, provider_id, provider_type_code, username) 
    values
        (?, ?, ?, ?, ?, ?, ?, ?, ?, ?, ?)
Hibernate: 
    /* insert for
        com.example.cookers.domain.member.entity.Member */insert 
    into
        member (create_date, email, hit, modified_date, nickname, password, profile_url, provider, provider_id, provider_type_code, username) 
    values
        (?, ?, ?, ?, ?, ?, ?, ?, ?, ?, ?)
Hibernate: 
    /* insert for
        com.example.cookers.domain.member.entity.Member */insert 
    into
        member (create_date, email, hit, modified_date, nickname, password, profile_url, provider, provider_id, provider_type_code, username) 
    values
        (?, ?, ?, ?, ?, ?, ?, ?, ?, ?, ?)
Hibernate: 
    /* insert for
        com.example.cookers.domain.member.entity.Member */insert 
    into
        member (create_date, email, hit, modified_date, nickname, password, profile_url, provider, provider_id, provider_type_code, username) 
    values
        (?, ?, ?, ?, ?, ?, ?, ?, ?, ?, ?)
Hibernate: 
    /* insert for
        com.example.cookers.domain.member.entity.Member */insert 
    into
        member (create_date, email, hit, modified_date, nickname, password, profile_url, provider, provider_id, provider_type_code, username) 
    values
        (?, ?, ?, ?, ?, ?, ?, ?, ?, ?, ?)
Hibernate: 
    /* insert for
        com.example.cookers.domain.member.entity.Member */insert 
    into
        member (create_date, email, hit, modified_date, nickname, password, profile_url, provider, provider_id, provider_type_code, username) 
    values
        (?, ?, ?, ?, ?, ?, ?, ?, ?, ?, ?)
Hibernate: 
    /* insert for
        com.example.cookers.domain.member.entity.Member */insert 
    into
        member (create_date, email, hit, modified_date, nickname, password, profile_url, provider, provider_id, provider_type_code, username) 
    values
        (?, ?, ?, ?, ?, ?, ?, ?, ?, ?, ?)
Hibernate: 
    /* insert for
        com.example.cookers.domain.member.entity.Member */insert 
    into
        member (create_date, email, hit, modified_date, nickname, password, profile_url, provider, provider_id, provider_type_code, username) 
    values
        (?, ?, ?, ?, ?, ?, ?, ?, ?, ?, ?)
Hibernate: 
    /* insert for
        com.example.cookers.domain.member.entity.Member */insert 
    into
        member (create_date, email, hit, modified_date, nickname, password, profile_url, provider, provider_id, provider_type_code, username) 
    values
        (?, ?, ?, ?, ?, ?, ?, ?, ?, ?, ?)
Hibernate: 
    /* insert for
        com.example.cookers.domain.member.entity.Member */insert 
    into
        member (create_date, email, hit, modified_date, nickname, password, profile_url, provider, provider_id, provider_type_code, username) 
    values
        (?, ?, ?, ?, ?, ?, ?, ?, ?, ?, ?)
Hibernate: 
    /* insert for
        com.example.cookers.domain.member.entity.Member */insert 
    into
        member (create_date, email, hit, modified_date, nickname, password, profile_url, provider, provider_id, provider_type_code, username) 
    values
        (?, ?, ?, ?, ?, ?, ?, ?, ?, ?, ?)
Hibernate: 
    /* insert for
        com.example.cookers.domain.member.entity.Member */insert 
    into
        member (create_date, email, hit, modified_date, nickname, password, profile_url, provider, provider_id, provider_type_code, username) 
    values
        (?, ?, ?, ?, ?, ?, ?, ?, ?, ?, ?)
Hibernate: 
    /* insert for
        com.example.cookers.domain.member.entity.Member */insert 
    into
        member (create_date, email, hit, modified_date, nickname, password, profile_url, provider, provider_id, provider_type_code, username) 
    values
        (?, ?, ?, ?, ?, ?, ?, ?, ?, ?, ?)
Hibernate: 
    /* insert for
        com.example.cookers.domain.member.entity.Member */insert 
    into
        member (create_date, email, hit, modified_date, nickname, password, profile_url, provider, provider_id, provider_type_code, username) 
    values
        (?, ?, ?, ?, ?, ?, ?, ?, ?, ?, ?)
Hibernate: 
    /* insert for
        com.example.cookers.domain.member.entity.Member */insert 
    into
        member (create_date, email, hit, modified_date, nickname, password, profile_url, provider, provider_id, provider_type_code, username) 
    values
        (?, ?, ?, ?, ?, ?, ?, ?, ?, ?, ?)
Hibernate: 
    /* insert for
        com.example.cookers.domain.member.entity.Member */insert 
    into
        member (create_date, email, hit, modified_date, nickname, password, profile_url, provider, provider_id, provider_type_code, username) 
    values
        (?, ?, ?, ?, ?, ?, ?, ?, ?, ?, ?)
Hibernate: 
    /* insert for
        com.example.cookers.domain.member.entity.Member */insert 
    into
        member (create_date, email, hit, modified_date, nickname, password, profile_url, provider, provider_id, provider_type_code, username) 
    values
        (?, ?, ?, ?, ?, ?, ?, ?, ?, ?, ?)
Hibernate: 
    /* insert for
        com.example.cookers.domain.member.entity.Member */insert 
    into
        member (create_date, email, hit, modified_date, nickname, password, profile_url, provider, provider_id, provider_type_code, username) 
    values
        (?, ?, ?, ?, ?, ?, ?, ?, ?, ?, ?)
Hibernate: 
    /* insert for
        com.example.cookers.domain.member.entity.Member */insert 
    into
        member (create_date, email, hit, modified_date, nickname, password, profile_url, provider, provider_id, provider_type_code, username) 
    values
        (?, ?, ?, ?, ?, ?, ?, ?, ?, ?, ?)
Hibernate: 
    /* insert for
        com.example.cookers.domain.member.entity.Member */insert 
    into
        member (create_date, email, hit, modified_date, nickname, password, profile_url, provider, provider_id, provider_type_code, username) 
    values
        (?, ?, ?, ?, ?, ?, ?, ?, ?, ?, ?)
Hibernate: 
    /* insert for
        com.example.cookers.domain.member.entity.Member */insert 
    into
        member (create_date, email, hit, modified_date, nickname, password, profile_url, provider, provider_id, provider_type_code, username) 
    values
        (?, ?, ?, ?, ?, ?, ?, ?, ?, ?, ?)
Hibernate: 
    /* insert for
        com.example.cookers.domain.member.entity.Member */insert 
    into
        member (create_date, email, hit, modified_date, nickname, password, profile_url, provider, provider_id, provider_type_code, username) 
    values
        (?, ?, ?, ?, ?, ?, ?, ?, ?, ?, ?)
Hibernate: 
    /* insert for
        com.example.cookers.domain.member.entity.Member */insert 
    into
        member (create_date, email, hit, modified_date, nickname, password, profile_url, provider, provider_id, provider_type_code, username) 
    values
        (?, ?, ?, ?, ?, ?, ?, ?, ?, ?, ?)
Hibernate: 
    /* insert for
        com.example.cookers.domain.member.entity.Member */insert 
    into
        member (create_date, email, hit, modified_date, nickname, password, profile_url, provider, provider_id, provider_type_code, username) 
    values
        (?, ?, ?, ?, ?, ?, ?, ?, ?, ?, ?)
Hibernate: 
    /* insert for
        com.example.cookers.domain.member.entity.Member */insert 
    into
        member (create_date, email, hit, modified_date, nickname, password, profile_url, provider, provider_id, provider_type_code, username) 
    values
        (?, ?, ?, ?, ?, ?, ?, ?, ?, ?, ?)
Hibernate: 
    /* insert for
        com.example.cookers.domain.member.entity.Member */insert 
    into
        member (create_date, email, hit, modified_date, nickname, password, profile_url, provider, provider_id, provider_type_code, username) 
    values
        (?, ?, ?, ?, ?, ?, ?, ?, ?, ?, ?)
Hibernate: 
    /* insert for
        com.example.cookers.domain.member.entity.Member */insert 
    into
        member (create_date, email, hit, modified_date, nickname, password, profile_url, provider, provider_id, provider_type_code, username) 
    values
        (?, ?, ?, ?, ?, ?, ?, ?, ?, ?, ?)
Hibernate: 
    /* insert for
        com.example.cookers.domain.member.entity.Member */insert 
    into
        member (create_date, email, hit, modified_date, nickname, password, profile_url, provider, provider_id, provider_type_code, username) 
    values
        (?, ?, ?, ?, ?, ?, ?, ?, ?, ?, ?)
Hibernate: 
    /* insert for
        com.example.cookers.domain.member.entity.Member */insert 
    into
        member (create_date, email, hit, modified_date, nickname, password, profile_url, provider, provider_id, provider_type_code, username) 
    values
        (?, ?, ?, ?, ?, ?, ?, ?, ?, ?, ?)
Hibernate: 
    /* insert for
        com.example.cookers.domain.member.entity.Member */insert 
    into
        member (create_date, email, hit, modified_date, nickname, password, profile_url, provider, provider_id, provider_type_code, username) 
    values
        (?, ?, ?, ?, ?, ?, ?, ?, ?, ?, ?)
Hibernate: 
    /* insert for
        com.example.cookers.domain.member.entity.Member */insert 
    into
        member (create_date, email, hit, modified_date, nickname, password, profile_url, provider, provider_id, provider_type_code, username) 
    values
        (?, ?, ?, ?, ?, ?, ?, ?, ?, ?, ?)
Hibernate: 
    /* insert for
        com.example.cookers.domain.member.entity.Member */insert 
    into
        member (create_date, email, hit, modified_date, nickname, password, profile_url, provider, provider_id, provider_type_code, username) 
    values
        (?, ?, ?, ?, ?, ?, ?, ?, ?, ?, ?)
Hibernate: 
    /* insert for
        com.example.cookers.domain.member.entity.Member */insert 
    into
        member (create_date, email, hit, modified_date, nickname, password, profile_url, provider, provider_id, provider_type_code, username) 
    values
        (?, ?, ?, ?, ?, ?, ?, ?, ?, ?, ?)
Hibernate: 
    /* insert for
        com.example.cookers.domain.member.entity.Member */insert 
    into
        member (create_date, email, hit, modified_date, nickname, password, profile_url, provider, provider_id, provider_type_code, username) 
    values
        (?, ?, ?, ?, ?, ?, ?, ?, ?, ?, ?)
Hibernate: 
    /* insert for
        com.example.cookers.domain.member.entity.Member */insert 
    into
        member (create_date, email, hit, modified_date, nickname, password, profile_url, provider, provider_id, provider_type_code, username) 
    values
        (?, ?, ?, ?, ?, ?, ?, ?, ?, ?, ?)
Hibernate: 
    /* insert for
        com.example.cookers.domain.member.entity.Member */insert 
    into
        member (create_date, email, hit, modified_date, nickname, password, profile_url, provider, provider_id, provider_type_code, username) 
    values
        (?, ?, ?, ?, ?, ?, ?, ?, ?, ?, ?)
Hibernate: 
    /* insert for
        com.example.cookers.domain.member.entity.Member */insert 
    into
        member (create_date, email, hit, modified_date, nickname, password, profile_url, provider, provider_id, provider_type_code, username) 
    values
        (?, ?, ?, ?, ?, ?, ?, ?, ?, ?, ?)
Hibernate: 
    /* insert for
        com.example.cookers.domain.member.entity.Member */insert 
    into
        member (create_date, email, hit, modified_date, nickname, password, profile_url, provider, provider_id, provider_type_code, username) 
    values
        (?, ?, ?, ?, ?, ?, ?, ?, ?, ?, ?)
Hibernate: 
    /* insert for
        com.example.cookers.domain.member.entity.Member */insert 
    into
        member (create_date, email, hit, modified_date, nickname, password, profile_url, provider, provider_id, provider_type_code, username) 
    values
        (?, ?, ?, ?, ?, ?, ?, ?, ?, ?, ?)
]]></system-out>
  <system-err><![CDATA[WARNING: A Java agent has been loaded dynamically (C:\Users\SBS\.gradle\caches\modules-2\files-2.1\net.bytebuddy\byte-buddy-agent\1.14.13\979ce25f7d3096a2e82214ba7dc972a05ce7a171\byte-buddy-agent-1.14.13.jar)
WARNING: If a serviceability tool is in use, please run with -XX:+EnableDynamicAgentLoading to hide this warning
WARNING: If a serviceability tool is not in use, please run with -Djdk.instrument.traceUsage for more information
WARNING: Dynamic loading of agents will be disallowed by default in a future release
]]></system-err>
</testsuite>
